<?xml version="1.0" encoding="UTF-8"?>
<!-- Generated by org.testng.reporters.JUnitReportReporter -->
<testsuite hostname="DESKTOP-14E9OCT" failures="0" tests="1" name="TC003_GET_Request_GM_API" time="1.989" errors="0" timestamp="2022-04-01T16:54:47 IST" skipped="0">
  <testcase classname="TC003_GET_Request_GM_API" name="googleMapTest" time="1.989"/>
  <system-out/>
</testsuite> <!-- TC003_GET_Request_GM_API -->
