<?xml version="1.0" encoding="UTF-8"?>
<!-- Generated by org.testng.reporters.JUnitReportReporter -->
<testsuite hostname="DESKTOP-14E9OCT" failures="0" tests="1" name="TC_001_GET_request" time="2.095" errors="0" timestamp="2022-05-26T11:21:53 IST" skipped="0">
  <testcase classname="TC_001_GET_request" name="get_Good_Categories" time="2.095"/>
  <system-out/>
</testsuite> <!-- TC_001_GET_request -->
